<?xml version="1.0" encoding="UTF-8"?>
<coverage generated="1625503128425" clover="3.2.0">
  <project timestamp="1625503128425" name="All files">
    <metrics statements="38" coveredstatements="27" conditionals="6" coveredconditionals="3" methods="15" coveredmethods="10" elements="59" coveredelements="40" complexity="0" loc="38" ncloc="38" packages="1" files="3" classes="3"/>
    <file name="ChargingStation.js" path="C:\Users\safdaaf\Desktop\Gitproject\ElectricScooterApp\src\ChargingStation.js">
      <metrics statements="12" coveredstatements="6" conditionals="2" coveredconditionals="0" methods="4" coveredmethods="1"/>
      <line num="3" count="1" type="stmt"/>
      <line num="4" count="1" type="stmt"/>
      <line num="5" count="1" type="stmt"/>
      <line num="6" count="1" type="stmt"/>
      <line num="7" count="1" type="stmt"/>
      <line num="11" count="0" type="stmt"/>
      <line num="16" count="0" type="stmt"/>
      <line num="17" count="0" type="stmt"/>
      <line num="22" count="0" type="cond" truecount="0" falsecount="2"/>
      <line num="23" count="0" type="stmt"/>
      <line num="26" count="0" type="stmt"/>
      <line num="32" count="2" type="stmt"/>
    </file>
    <file name="Scooter.js" path="C:\Users\safdaaf\Desktop\Gitproject\ElectricScooterApp\src\Scooter.js">
      <metrics statements="14" coveredstatements="9" conditionals="2" coveredconditionals="1" methods="6" coveredmethods="4"/>
      <line num="3" count="3" type="stmt"/>
      <line num="4" count="3" type="stmt"/>
      <line num="5" count="3" type="stmt"/>
      <line num="10" count="1" type="stmt"/>
      <line num="15" count="0" type="stmt"/>
      <line num="17" count="0" type="stmt"/>
      <line num="19" count="0" type="stmt"/>
      <line num="23" count="2" type="cond" truecount="1" falsecount="1"/>
      <line num="24" count="0" type="stmt"/>
      <line num="25" count="0" type="stmt"/>
      <line num="27" count="2" type="stmt"/>
      <line num="32" count="1" type="stmt"/>
      <line num="33" count="1" type="stmt"/>
      <line num="37" count="3" type="stmt"/>
    </file>
    <file name="User.js" path="C:\Users\safdaaf\Desktop\Gitproject\ElectricScooterApp\src\User.js">
      <metrics statements="12" coveredstatements="12" conditionals="2" coveredconditionals="2" methods="5" coveredmethods="5"/>
      <line num="4" count="2" type="stmt"/>
      <line num="5" count="2" type="stmt"/>
      <line num="6" count="2" type="stmt"/>
      <line num="7" count="2" type="stmt"/>
      <line num="8" count="2" type="stmt"/>
      <line num="13" count="1" type="stmt"/>
      <line num="17" count="1" type="stmt"/>
      <line num="21" count="1" type="stmt"/>
      <line num="26" count="2" type="cond" truecount="2" falsecount="0"/>
      <line num="27" count="1" type="stmt"/>
      <line num="30" count="1" type="stmt"/>
      <line num="39" count="1" type="stmt"/>
    </file>
  </project>
</coverage>
