<?xml version="1.0" encoding="UTF-8"?>
<coverage generated="1625260070395" clover="3.2.0">
  <project timestamp="1625260070396" name="All files">
    <metrics statements="30" coveredstatements="22" conditionals="7" coveredconditionals="5" methods="17" coveredmethods="8" elements="54" coveredelements="35" complexity="0" loc="30" ncloc="30" packages="1" files="3" classes="3"/>
    <file name="ChargingStation.js" path="C:\Users\safdaaf\Desktop\Gitproject\ElectricScooterApp\src\ChargingStation.js">
      <metrics statements="10" coveredstatements="5" conditionals="2" coveredconditionals="0" methods="6" coveredmethods="1"/>
      <line num="3" count="1" type="stmt"/>
      <line num="4" count="1" type="stmt"/>
      <line num="5" count="1" type="stmt"/>
      <line num="6" count="1" type="stmt"/>
      <line num="10" count="0" type="stmt"/>
      <line num="16" count="0" type="stmt"/>
      <line num="21" count="0" type="cond" truecount="0" falsecount="2"/>
      <line num="22" count="0" type="stmt"/>
      <line num="25" count="0" type="stmt"/>
      <line num="39" count="2" type="stmt"/>
    </file>
    <file name="Scooter.js" path="C:\Users\safdaaf\Desktop\Gitproject\ElectricScooterApp\src\Scooter.js">
      <metrics statements="8" coveredstatements="5" conditionals="0" coveredconditionals="0" methods="4" coveredmethods="2"/>
      <line num="3" count="3" type="stmt"/>
      <line num="4" count="3" type="stmt"/>
      <line num="5" count="3" type="stmt"/>
      <line num="10" count="1" type="stmt"/>
      <line num="15" count="0" type="stmt"/>
      <line num="17" count="0" type="stmt"/>
      <line num="19" count="0" type="stmt"/>
      <line num="23" count="3" type="stmt"/>
    </file>
    <file name="User.js" path="C:\Users\safdaaf\Desktop\Gitproject\ElectricScooterApp\src\User.js">
      <metrics statements="12" coveredstatements="12" conditionals="5" coveredconditionals="5" methods="7" coveredmethods="5"/>
      <line num="4" count="2" type="stmt"/>
      <line num="5" count="2" type="stmt"/>
      <line num="6" count="2" type="stmt"/>
      <line num="7" count="2" type="stmt"/>
      <line num="8" count="2" type="stmt"/>
      <line num="13" count="1" type="stmt"/>
      <line num="17" count="1" type="stmt"/>
      <line num="21" count="1" type="stmt"/>
      <line num="26" count="2" type="cond" truecount="5" falsecount="0"/>
      <line num="27" count="1" type="stmt"/>
      <line num="30" count="1" type="stmt"/>
      <line num="46" count="1" type="stmt"/>
    </file>
  </project>
</coverage>
